\BOOKMARK [0][-]{dummy.3}{\376\377\000C\000o\000n\000t\000e\000n\000t\000s}{}% 1
\BOOKMARK [0][-]{dummy.5}{\376\377\000L\000i\000s\000t\000\040\000o\000f\000\040\000F\000i\000g\000u\000r\000e\000s}{}% 2
\BOOKMARK [0][-]{dummy.7}{\376\377\000L\000i\000s\000t\000\040\000o\000f\000\040\000T\000a\000b\000l\000e\000s}{}% 3
\BOOKMARK [0][-]{chapter.9}{\376\377\0001\000\040\000I\000n\000t\000r\000o\000d\000u\000c\000t\000i\000o\000n}{}% 4
\BOOKMARK [1][-]{section.10}{\376\377\0001\000.\0001\000\040\000C\000o\000n\000t\000e\000x\000t}{chapter.9}% 5
\BOOKMARK [1][-]{section.11}{\376\377\0001\000.\0002\000\040\000M\000a\000n\000i\000f\000o\000l\000d\000\040\000L\000e\000a\000r\000n\000i\000n\000g}{chapter.9}% 6
\BOOKMARK [1][-]{section.13}{\376\377\0001\000.\0003\000\040\000M\000o\000t\000i\000v\000a\000t\000i\000o\000n}{chapter.9}% 7
\BOOKMARK [1][-]{section.14}{\376\377\0001\000.\0004\000\040\000C\000o\000n\000t\000r\000i\000b\000u\000t\000i\000o\000n}{chapter.9}% 8
\BOOKMARK [1][-]{section.15}{\376\377\0001\000.\0005\000\040\000O\000r\000g\000a\000n\000i\000z\000a\000t\000i\000o\000n}{chapter.9}% 9
\BOOKMARK [0][-]{chapter.16}{\376\377\0002\000\040\000M\000a\000t\000h\000e\000m\000a\000t\000i\000c\000a\000l\000\040\000B\000a\000c\000k\000g\000r\000o\000u\000n\000d\000\040}{}% 10
\BOOKMARK [1][-]{section.18}{\376\377\0002\000.\0001\000\040\000M\000e\000t\000r\000i\000c\000\040\000S\000p\000a\000c\000e}{chapter.16}% 11
\BOOKMARK [1][-]{section.25}{\376\377\0002\000.\0002\000\040\000T\000o\000p\000o\000l\000o\000g\000y}{chapter.16}% 12
\BOOKMARK [2][-]{subsection.28}{\376\377\0002\000.\0002\000.\0001\000\040\000C\000o\000n\000n\000e\000c\000t\000e\000d\000n\000e\000s\000s}{section.25}% 13
\BOOKMARK [2][-]{subsection.30}{\376\377\0002\000.\0002\000.\0002\000\040\000N\000e\000i\000g\000h\000b\000o\000r\000h\000o\000o\000d\000s}{section.25}% 14
\BOOKMARK [1][-]{section.32}{\376\377\0002\000.\0003\000\040\000M\000a\000n\000i\000f\000o\000l\000d\000s}{chapter.16}% 15
\BOOKMARK [1][-]{section.36}{\376\377\0002\000.\0004\000\040\000T\000a\000n\000g\000e\000n\000t\000\040\000S\000p\000a\000c\000e\000s}{chapter.16}% 16
\BOOKMARK [2][-]{subsection.38}{\376\377\0002\000.\0004\000.\0001\000\040\000E\000m\000b\000e\000d\000d\000i\000n\000g}{section.36}% 17
\BOOKMARK [0][-]{chapter.40}{\376\377\0003\000\040\000M\000a\000n\000i\000f\000o\000l\000d\000\040\000L\000e\000a\000r\000n\000i\000n\000g}{}% 18
\BOOKMARK [1][-]{section.42}{\376\377\0003\000.\0001\000\040\000I\000n\000t\000r\000o\000d\000u\000c\000t\000i\000o\000n}{chapter.40}% 19
\BOOKMARK [1][-]{section.43}{\376\377\0003\000.\0002\000\040\000P\000r\000o\000b\000l\000e\000m\000\040\000D\000e\000f\000i\000n\000i\000t\000i\000o\000n}{chapter.40}% 20
\BOOKMARK [1][-]{section.44}{\376\377\0003\000.\0003\000\040\000L\000i\000n\000e\000a\000r\000\040\000M\000e\000t\000h\000o\000d\000s}{chapter.40}% 21
\BOOKMARK [2][-]{subsection.45}{\376\377\0003\000.\0003\000.\0001\000\040\000P\000r\000i\000n\000c\000i\000p\000l\000e\000\040\000C\000o\000m\000p\000o\000n\000e\000n\000t\000\040\000A\000n\000a\000l\000y\000s\000i\000s}{section.44}% 22
\BOOKMARK [2][-]{subsection.54}{\376\377\0003\000.\0003\000.\0002\000\040\000M\000u\000l\000t\000i\000-\000D\000i\000m\000e\000n\000s\000i\000o\000n\000a\000l\000\040\000S\000c\000a\000l\000i\000n\000g}{section.44}% 23
\BOOKMARK [1][-]{section.60}{\376\377\0003\000.\0004\000\040\000N\000o\000n\000-\000L\000i\000n\000e\000a\000r\000\040\000M\000e\000t\000h\000o\000d\000s}{chapter.40}% 24
\BOOKMARK [2][-]{subsection.61}{\376\377\0003\000.\0004\000.\0001\000\040\000G\000r\000a\000p\000h\000-\000b\000a\000s\000e\000d\000\040\000A\000l\000g\000o\000r\000i\000t\000h\000m\000s}{section.60}% 25
\BOOKMARK [3][-]{subsubsection.62}{\376\377\0003\000.\0004\000.\0001\000.\0001\000\040\000I\000s\000o\000m\000a\000p}{subsection.61}% 26
\BOOKMARK [3][-]{subsubsection.65}{\376\377\0003\000.\0004\000.\0001\000.\0002\000\040\000L\000o\000c\000a\000l\000l\000y\000\040\000l\000i\000n\000e\000a\000r\000\040\000E\000m\000b\000e\000d\000d\000i\000n\000g}{subsection.61}% 27
\BOOKMARK [2][-]{subsection.80}{\376\377\0003\000.\0004\000.\0002\000\040\000L\000a\000p\000l\000a\000c\000i\000a\000n\000-\000b\000a\000s\000e\000d\000\040\000A\000l\000g\000o\000r\000i\000t\000h\000m\000s}{section.60}% 28
\BOOKMARK [3][-]{subsubsection.81}{\376\377\0003\000.\0004\000.\0002\000.\0001\000\040\000L\000a\000p\000l\000a\000c\000i\000a\000n\000\040\000E\000i\000g\000e\000n\000m\000a\000p\000s}{subsection.80}% 29
\BOOKMARK [3][-]{subsubsection.83}{\376\377\0003\000.\0004\000.\0002\000.\0002\000\040\000D\000i\000f\000f\000u\000s\000i\000o\000n\000\040\000M\000a\000p\000s}{subsection.80}% 30
\BOOKMARK [1][-]{section.95}{\376\377\0003\000.\0005\000\040\000O\000t\000h\000e\000r\000\040\000m\000a\000n\000i\000f\000o\000l\000d\000\040\000l\000e\000a\000r\000n\000i\000n\000g\000\040\000a\000l\000g\000o\000r\000i\000t\000h\000m\000s}{chapter.40}% 31
\BOOKMARK [1][-]{section.97}{\376\377\0003\000.\0006\000\040\000I\000n\000t\000r\000i\000n\000s\000i\000c\000\040\000D\000i\000m\000e\000n\000s\000i\000o\000n}{chapter.40}% 32
\BOOKMARK [0][-]{chapter.99}{\376\377\0004\000\040\000O\000p\000t\000i\000c\000a\000l\000\040\000C\000h\000a\000r\000a\000c\000t\000e\000r\000\040\000R\000e\000c\000o\000g\000n\000i\000t\000i\000o\000n}{}% 33
\BOOKMARK [1][-]{section.101}{\376\377\0004\000.\0001\000\040\000I\000n\000t\000r\000o\000d\000u\000c\000t\000i\000o\000n}{chapter.99}% 34
\BOOKMARK [1][-]{section.102}{\376\377\0004\000.\0002\000\040\000D\000a\000t\000a}{chapter.99}% 35
\BOOKMARK [1][-]{section.103}{\376\377\0004\000.\0003\000\040\000P\000r\000e\000p\000o\000s\000s\000e\000s\000s\000i\000n\000g}{chapter.99}% 36
\BOOKMARK [1][-]{section.106}{\376\377\0004\000.\0004\000\040\000E\000x\000p\000e\000r\000i\000m\000e\000n\000t\000s\000\040\000a\000n\000d\000\040\000R\000e\000s\000u\000l\000t\000s}{chapter.99}% 37
\BOOKMARK [2][-]{subsection.108}{\376\377\0004\000.\0004\000.\0001\000\040\000P\000r\000i\000n\000c\000i\000p\000a\000l\000\040\000C\000o\000m\000p\000o\000n\000e\000n\000t\000\040\000A\000n\000a\000l\000y\000s\000i\000s\000\040\000\050\000P\000C\000A\000\051}{section.106}% 38
\BOOKMARK [2][-]{subsection.113}{\376\377\0004\000.\0004\000.\0002\000\040\000M\000a\000n\000i\000f\000o\000l\000d\000\040\000L\000e\000a\000r\000n\000i\000n\000g}{section.106}% 39
\BOOKMARK [2][-]{subsection.117}{\376\377\0004\000.\0004\000.\0003\000\040\000M\000o\000d\000e\000l\000\040\000a\000n\000d\000\040\000T\000r\000a\000i\000n\000i\000n\000g}{section.106}% 40
\BOOKMARK [2][-]{subsection.118}{\376\377\0004\000.\0004\000.\0004\000\040\000R\000e\000s\000u\000l\000t\000s}{section.106}% 41
\BOOKMARK [1][-]{section.123}{\376\377\0004\000.\0005\000\040\000C\000o\000n\000c\000l\000u\000s\000i\000o\000n\000s}{chapter.99}% 42
\BOOKMARK [0][-]{chapter.124}{\376\377\0005\000\040\000A\000n\000o\000m\000a\000l\000y\000\040\000D\000e\000t\000e\000c\000t\000i\000o\000n}{}% 43
\BOOKMARK [1][-]{section.126}{\376\377\0005\000.\0001\000\040\000I\000n\000t\000r\000o\000d\000u\000c\000t\000i\000o\000n}{chapter.124}% 44
\BOOKMARK [1][-]{section.128}{\376\377\0005\000.\0002\000\040\000D\000i\000f\000f\000u\000s\000i\000o\000n\000\040\000M\000a\000p\000s}{chapter.124}% 45
\BOOKMARK [1][-]{section.129}{\376\377\0005\000.\0003\000\040\000F\000u\000n\000c\000t\000i\000o\000n\000\040\000E\000x\000t\000e\000n\000s\000i\000o\000n}{chapter.124}% 46
\BOOKMARK [1][-]{section.130}{\376\377\0005\000.\0004\000\040\000L\000a\000p\000l\000a\000c\000i\000a\000n\000\040\000P\000y\000r\000a\000m\000i\000d}{chapter.124}% 47
\BOOKMARK [1][-]{section.133}{\376\377\0005\000.\0005\000\040\000M\000u\000l\000t\000i\000s\000c\000a\000l\000e\000\040\000A\000n\000o\000m\000a\000l\000y\000\040\000D\000e\000t\000e\000c\000t\000i\000o\000n}{chapter.124}% 48
\BOOKMARK [2][-]{subsection.134}{\376\377\0005\000.\0005\000.\0001\000\040\000A\000l\000g\000o\000r\000i\000t\000h\000m\000s}{section.133}% 49
\BOOKMARK [1][-]{section.146}{\376\377\0005\000.\0006\000\040\000D\000a\000t\000a}{chapter.124}% 50
\BOOKMARK [1][-]{section.148}{\376\377\0005\000.\0007\000\040\000R\000e\000s\000u\000l\000t\000s}{chapter.124}% 51
\BOOKMARK [1][-]{section.158}{\376\377\0005\000.\0008\000\040\000C\000o\000n\000c\000l\000u\000s\000i\000o\000n\000s}{chapter.124}% 52
\BOOKMARK [0][-]{chapter.159}{\376\377\0006\000\040\000C\000o\000n\000c\000l\000u\000s\000i\000o\000n}{}% 53
\BOOKMARK [1][-]{section.160}{\376\377\0006\000.\0001\000\040\000C\000o\000n\000c\000l\000u\000s\000i\000o\000n\000s}{chapter.159}% 54
\BOOKMARK [1][-]{section.165}{\376\377\0006\000.\0002\000\040\000F\000u\000t\000u\000r\000e\000\040\000W\000o\000r\000k}{chapter.159}% 55
\BOOKMARK [0][-]{appendix.170}{\376\377\000A\000\040\000M\000a\000n\000i\000f\000o\000l\000d\000\040\000l\000e\000a\000r\000n\000i\000n\000g\000\040\000a\000l\000g\000o\000r\000i\000t\000h\000m\000s\000\040\000f\000o\000r\000\040\000a\000r\000t\000i\000f\000i\000c\000i\000a\000l\000\040\000d\000a\000t\000a}{}% 56
\BOOKMARK [0][-]{dummy.173}{\376\377\000B\000i\000b\000l\000i\000o\000g\000r\000a\000p\000h\000y}{}% 57
